1575183052.003819 client started (74088): version 2.6, socket /private/tmp/tmux-501/default, protocol 8
1575183052.003923 on Darwin 17.0.0 Darwin Kernel Version 17.0.0: Thu Aug 24 21:48:19 PDT 2017; root:xnu-4570.1.46~2/RELEASE_X86_64; libevent 2.1.8-stable (select)
1575183052.003991 socket is /private/tmp/tmux-501/default
1575183052.004033 trying connect
1575183052.004179 add peer 0x7fd640810000: 6 (0x0)
1575183052.006199 sending message 100 to peer 0x7fd640810000 (4 bytes)
1575183052.006253 sending message 101 to peer 0x7fd640810000 (16 bytes)
1575183052.006278 sending message 102 to peer 0x7fd640810000 (13 bytes)
1575183052.006298 sending message 108 to peer 0x7fd640810000 (25 bytes)
1575183052.006334 sending message 104 to peer 0x7fd640810000 (0 bytes)
1575183052.006355 sending message 107 to peer 0x7fd640810000 (4 bytes)
1575183052.006376 sending message 105 to peer 0x7fd640810000 (76 bytes)
1575183052.006395 sending message 105 to peer 0x7fd640810000 (15 bytes)
1575183052.006415 sending message 105 to peer 0x7fd640810000 (20 bytes)
1575183052.006432 sending message 105 to peer 0x7fd640810000 (17 bytes)
1575183052.006452 sending message 105 to peer 0x7fd640810000 (22 bytes)
1575183052.006471 sending message 105 to peer 0x7fd640810000 (61 bytes)
1575183052.006490 sending message 105 to peer 0x7fd640810000 (17 bytes)
1575183052.006508 sending message 105 to peer 0x7fd640810000 (21 bytes)
1575183052.006525 sending message 105 to peer 0x7fd640810000 (19 bytes)
1575183052.006541 sending message 105 to peer 0x7fd640810000 (26 bytes)
1575183052.006556 sending message 105 to peer 0x7fd640810000 (8 bytes)
1575183052.006572 sending message 105 to peer 0x7fd640810000 (13 bytes)
1575183052.006587 sending message 105 to peer 0x7fd640810000 (32 bytes)
1575183052.006603 sending message 105 to peer 0x7fd640810000 (17 bytes)
1575183052.006618 sending message 105 to peer 0x7fd640810000 (11 bytes)
1575183052.006633 sending message 105 to peer 0x7fd640810000 (179 bytes)
1575183052.006649 sending message 105 to peer 0x7fd640810000 (29 bytes)
1575183052.006664 sending message 105 to peer 0x7fd640810000 (15 bytes)
1575183052.006680 sending message 105 to peer 0x7fd640810000 (8 bytes)
1575183052.006696 sending message 105 to peer 0x7fd640810000 (66 bytes)
1575183052.006711 sending message 105 to peer 0x7fd640810000 (21 bytes)
1575183052.006727 sending message 105 to peer 0x7fd640810000 (23 bytes)
1575183052.006743 sending message 105 to peer 0x7fd640810000 (27 bytes)
1575183052.006760 sending message 105 to peer 0x7fd640810000 (60 bytes)
1575183052.006777 sending message 105 to peer 0x7fd640810000 (57 bytes)
1575183052.006793 sending message 105 to peer 0x7fd640810000 (43 bytes)
1575183052.006810 sending message 105 to peer 0x7fd640810000 (13 bytes)
1575183052.006828 sending message 105 to peer 0x7fd640810000 (10 bytes)
1575183052.006846 sending message 105 to peer 0x7fd640810000 (14 bytes)
1575183052.006863 sending message 105 to peer 0x7fd640810000 (19 bytes)
1575183052.006879 sending message 105 to peer 0x7fd640810000 (27 bytes)
1575183052.006896 sending message 105 to peer 0x7fd640810000 (38 bytes)
1575183052.006912 sending message 105 to peer 0x7fd640810000 (32 bytes)
1575183052.006928 sending message 105 to peer 0x7fd640810000 (22 bytes)
1575183052.006945 sending message 105 to peer 0x7fd640810000 (17 bytes)
1575183052.006961 sending message 105 to peer 0x7fd640810000 (15 bytes)
1575183052.006978 sending message 106 to peer 0x7fd640810000 (0 bytes)
1575183052.007003 sending message 200 to peer 0x7fd640810000 (4 bytes)
1575183052.007021 client loop enter
1575183052.007576 peer 0x7fd640810000 message 211
1575183052.007709 peer 0x7fd640810000 message 203
1575183052.007786 client loop exit
